#
# There is insufficient memory for the Java Runtime Environment to continue.
# Native memory allocation (malloc) failed to allocate 112016 bytes for Chunk::new
# Possible reasons:
#   The system is out of physical RAM or swap space
#   In 32 bit mode, the process size limit was hit
# Possible solutions:
#   Reduce memory load on the system
#   Increase physical memory or swap space
#   Check if swap backing store is full
#   Use 64 bit Java on a 64 bit OS
#   Decrease Java heap size (-Xmx/-Xms)
#   Decrease number of Java threads
#   Decrease Java thread stack sizes (-Xss)
#   Set larger code cache with -XX:ReservedCodeCacheSize=
# This output file may be truncated or incomplete.
#
#  Out of Memory Error (allocation.cpp:390), pid=11936, tid=0x0000000000001228
#
# JRE version: Java(TM) SE Runtime Environment (8.0_111-b14) (build 1.8.0_111-b14)
# Java VM: Java HotSpot(TM) 64-Bit Server VM (25.111-b14 mixed mode windows-amd64 compressed oops)
# Failed to write core dump. Minidumps are not enabled by default on client versions of Windows
#

---------------  T H R E A D  ---------------

Current thread (0x000000001b091800):  JavaThread "C2 CompilerThread0" daemon [_thread_in_native, id=4648, stack(0x000000001b230000,0x000000001b330000)]

Stack: [0x000000001b230000,0x000000001b330000]
[error occurred during error reporting (printing stack bounds), id 0xc0000005]

Native frames: (J=compiled Java code, j=interpreted, Vv=VM code, C=native code)


Current CompileTask:
C2:4419554 6359       4       java.util.concurrent.ScheduledThreadPoolExecutor$DelayedWorkQueue::add (9 bytes)


---------------  P R O C E S S  ---------------

Java Threads: ( => current thread )
  0x000000001c430800 JavaThread "DestroyJavaVM" [_thread_blocked, id=14228, stack(0x00000000022f0000,0x00000000023f0000)]
  0x000000001c430000 JavaThread "http-nio-8089-Acceptor" daemon [_thread_in_native, id=8532, stack(0x00000000262e0000,0x00000000263e0000)]
  0x000000001c42d800 JavaThread "http-nio-8089-ClientPoller" daemon [_thread_in_native, id=4484, stack(0x00000000261e0000,0x00000000262e0000)]
  0x000000001c42c000 JavaThread "http-nio-8089-exec-10" daemon [_thread_blocked, id=10712, stack(0x00000000260e0000,0x00000000261e0000)]
  0x000000001c42e000 JavaThread "http-nio-8089-exec-9" daemon [_thread_blocked, id=8456, stack(0x0000000025fe0000,0x00000000260e0000)]
  0x000000001c42c800 JavaThread "http-nio-8089-exec-8" daemon [_thread_blocked, id=14064, stack(0x0000000025ee0000,0x0000000025fe0000)]
  0x000000001c42b000 JavaThread "http-nio-8089-exec-7" daemon [_thread_blocked, id=6616, stack(0x0000000025de0000,0x0000000025ee0000)]
  0x000000001c42f000 JavaThread "http-nio-8089-exec-6" daemon [_thread_blocked, id=14104, stack(0x0000000025ce0000,0x0000000025de0000)]
  0x000000001c429000 JavaThread "http-nio-8089-exec-5" daemon [_thread_blocked, id=6868, stack(0x0000000024920000,0x0000000024a20000)]
  0x000000001c428000 JavaThread "http-nio-8089-exec-4" daemon [_thread_blocked, id=10636, stack(0x0000000024610000,0x0000000024710000)]
  0x000000001c42a800 JavaThread "http-nio-8089-exec-3" daemon [_thread_blocked, id=8424, stack(0x00000000242a0000,0x00000000243a0000)]
  0x000000001c97a800 JavaThread "http-nio-8089-exec-2" daemon [_thread_blocked, id=10672, stack(0x00000000231b0000,0x00000000232b0000)]
  0x000000001c979800 JavaThread "http-nio-8089-exec-1" daemon [_thread_blocked, id=11892, stack(0x00000000215e0000,0x00000000216e0000)]
  0x000000001c978000 JavaThread "http-nio-8089-BlockPoller" daemon [_thread_in_native, id=7576, stack(0x00000000020f0000,0x00000000021f0000)]
  0x000000001c976800 JavaThread "File Watcher" daemon [_thread_blocked, id=13648, stack(0x0000000000640000,0x0000000000740000)]
  0x000000001c978800 JavaThread "Live Reload Server" daemon [_thread_in_native, id=13264, stack(0x0000000000740000,0x0000000000840000)]
  0x000000001c975800 JavaThread "HikariPool-1 housekeeper" daemon [_thread_blocked, id=5484, stack(0x00000000218e0000,0x00000000219e0000)]
  0x000000001c975000 JavaThread "mysql-cj-abandoned-connection-cleanup" daemon [_thread_blocked, id=11168, stack(0x0000000020ee0000,0x0000000020fe0000)]
  0x000000001c97c000 JavaThread "container-0" [_thread_blocked, id=5920, stack(0x0000000020de0000,0x0000000020ee0000)]
  0x000000001c977000 JavaThread "Catalina-utility-2" [_thread_blocked, id=12524, stack(0x0000000020ce0000,0x0000000020de0000)]
  0x000000001c97b000 JavaThread "Catalina-utility-1" [_thread_blocked, id=4060, stack(0x0000000020be0000,0x0000000020ce0000)]
  0x000000001b5b0800 JavaThread "Service Thread" daemon [_thread_blocked, id=1560, stack(0x000000001bd30000,0x000000001be30000)]
  0x000000001b0fc000 JavaThread "C1 CompilerThread2" daemon [_thread_blocked, id=8144, stack(0x000000001b430000,0x000000001b530000)]
  0x000000001b098800 JavaThread "C2 CompilerThread1" daemon [_thread_blocked, id=12476, stack(0x000000001b330000,0x000000001b430000)]
=>0x000000001b091800 JavaThread "C2 CompilerThread0" daemon [_thread_in_native, id=4648, stack(0x000000001b230000,0x000000001b330000)]
  0x000000001b04c000 JavaThread "Monitor Ctrl-Break" daemon [_thread_in_native, id=3252, stack(0x000000001b130000,0x000000001b230000)]
  0x00000000196d2000 JavaThread "Attach Listener" daemon [_thread_blocked, id=9908, stack(0x000000001ac30000,0x000000001ad30000)]
  0x00000000196d0800 JavaThread "Signal Dispatcher" daemon [_thread_blocked, id=11872, stack(0x000000001ab30000,0x000000001ac30000)]
  0x00000000196bb000 JavaThread "Finalizer" daemon [_thread_blocked, id=3916, stack(0x000000001a930000,0x000000001aa30000)]
  0x00000000025e5000 JavaThread "Reference Handler" daemon [_thread_blocked, id=12132, stack(0x000000001a830000,0x000000001a930000)]

Other Threads:
  0x0000000019697000 VMThread [stack: 0x000000001a730000,0x000000001a830000] [id=11300]
  0x000000001b5d4800 WatcherThread [stack: 0x000000001be30000,0x000000001bf30000] [id=6032]

VM state:not at safepoint (normal execution)

VM Mutex/Monitor currently owned by a thread: None

Heap:
 PSYoungGen      total 314368K, used 68189K [0x0000000780800000, 0x0000000795500000, 0x00000007c0000000)
  eden space 295936K, 21% used [0x0000000780800000,0x00000007845423a8,0x0000000792900000)
  from space 18432K, 29% used [0x0000000793b00000,0x0000000794055428,0x0000000794d00000)
  to   space 18432K, 0% used [0x0000000792900000,0x0000000792900000,0x0000000793b00000)
 ParOldGen       total 154624K, used 24866K [0x0000000701800000, 0x000000070af00000, 0x0000000780800000)
  object space 154624K, 16% used [0x0000000701800000,0x00000007030488e8,0x000000070af00000)
 Metaspace       used 60508K, capacity 63774K, committed 64024K, reserved 1103872K
  class space    used 8175K, capacity 8720K, committed 8752K, reserved 1048576K

Card table byte_map: [0x00000000119b0000,0x0000000011fb0000] byte_map_base: 0x000000000e1a4000

Marking Bits: (ParMarkBitMap*) 0x000000006f3ea6c0
 Begin Bits: [0x00000000127b0000, 0x0000000015750000)
 End Bits:   [0x0000000015750000, 0x00000000186f0000)

Polling page: 0x00000000008a0000

CodeCache: size=245760Kb used=17736Kb max_used=17755Kb free=228023Kb
 bounds [0x00000000025f0000, 0x0000000003770000, 0x00000000115f0000]
 total_blobs=5968 nmethods=5403 adapters=477
 compilation: enabled

Compilation events (10 events):
Event: 4175.448 Thread 0x000000001b098800 nmethod 6354 0x00000000029c55d0 code [0x00000000029c5700, 0x00000000029c5758]
Event: 4288.409 Thread 0x000000001b091800 6355       4       java.util.concurrent.ThreadPoolExecutor$Worker::unlock (7 bytes)
Event: 4288.414 Thread 0x000000001b091800 nmethod 6355 0x0000000003738890 code [0x00000000037389e0, 0x0000000003738b68]
Event: 4299.528 Thread 0x000000001b098800 6356       4       java.util.concurrent.ConcurrentHashMap$Traverser::<init> (36 bytes)
Event: 4299.529 Thread 0x000000001b098800 nmethod 6356 0x0000000002f43f10 code [0x0000000002f44040, 0x0000000002f440d8]
Event: 4303.447 Thread 0x000000001b091800 6357   !   4       java.util.concurrent.ThreadPoolExecutor::getTask (179 bytes)
Event: 4303.542 Thread 0x000000001b091800 nmethod 6357 0x000000000375d5d0 code [0x000000000375d960, 0x000000000375fe40]
Event: 4313.447 Thread 0x000000001b098800 6358       4       java.util.concurrent.ThreadPoolExecutor$Worker::lock (6 bytes)
Event: 4313.449 Thread 0x000000001b098800 nmethod 6358 0x0000000002a5ee90 code [0x0000000002a5efc0, 0x0000000002a5f078]
Event: 4419.448 Thread 0x000000001b091800 6359       4       java.util.concurrent.ScheduledThreadPoolExecutor$DelayedWorkQueue::add (9 bytes)

GC Heap History (10 events):
Event: 14.893 GC heap before
{Heap before GC invocations=9 (full 2):
 PSYoungGen      total 161792K, used 8399K [0x0000000780800000, 0x0000000790d80000, 0x00000007c0000000)
  eden space 150016K, 0% used [0x0000000780800000,0x0000000780800000,0x0000000789a80000)
  from space 11776K, 71% used [0x0000000789a80000,0x000000078a2b3ca0,0x000000078a600000)
  to   space 12288K, 0% used [0x0000000790180000,0x0000000790180000,0x0000000790d80000)
 ParOldGen       total 79872K, used 10096K [0x0000000701800000, 0x0000000706600000, 0x0000000780800000)
  object space 79872K, 12% used [0x0000000701800000,0x00000007021dc048,0x0000000706600000)
 Metaspace       used 33554K, capacity 35332K, committed 35496K, reserved 1079296K
  class space    used 4337K, capacity 4683K, committed 4784K, reserved 1048576K
Event: 15.094 GC heap after
Heap after GC invocations=9 (full 2):
 PSYoungGen      total 161792K, used 0K [0x0000000780800000, 0x0000000790d80000, 0x00000007c0000000)
  eden space 150016K, 0% used [0x0000000780800000,0x0000000780800000,0x0000000789a80000)
  from space 11776K, 0% used [0x0000000789a80000,0x0000000789a80000,0x000000078a600000)
  to   space 12288K, 0% used [0x0000000790180000,0x0000000790180000,0x0000000790d80000)
 ParOldGen       total 113152K, used 12589K [0x0000000701800000, 0x0000000708680000, 0x0000000780800000)
  object space 113152K, 11% used [0x0000000701800000,0x000000070244b438,0x0000000708680000)
 Metaspace       used 33554K, capacity 35332K, committed 35496K, reserved 1079296K
  class space    used 4337K, capacity 4683K, committed 4784K, reserved 1048576K
}
Event: 22.177 GC heap before
{Heap before GC invocations=10 (full 2):
 PSYoungGen      total 161792K, used 150016K [0x0000000780800000, 0x0000000790d80000, 0x00000007c0000000)
  eden space 150016K, 100% used [0x0000000780800000,0x0000000789a80000,0x0000000789a80000)
  from space 11776K, 0% used [0x0000000789a80000,0x0000000789a80000,0x000000078a600000)
  to   space 12288K, 0% used [0x0000000790180000,0x0000000790180000,0x0000000790d80000)
 ParOldGen       total 113152K, used 12589K [0x0000000701800000, 0x0000000708680000, 0x0000000780800000)
  object space 113152K, 11% used [0x0000000701800000,0x000000070244b438,0x0000000708680000)
 Metaspace       used 49373K, capacity 51478K, committed 51752K, reserved 1093632K
  class space    used 6731K, capacity 7150K, committed 7216K, reserved 1048576K
Event: 22.236 GC heap after
Heap after GC invocations=10 (full 2):
 PSYoungGen      total 243200K, used 12279K [0x0000000780800000, 0x0000000790d80000, 0x00000007c0000000)
  eden space 230912K, 0% used [0x0000000780800000,0x0000000780800000,0x000000078e980000)
  from space 12288K, 99% used [0x0000000790180000,0x0000000790d7dc48,0x0000000790d80000)
  to   space 16384K, 0% used [0x000000078ed80000,0x000000078ed80000,0x000000078fd80000)
 ParOldGen       total 113152K, used 19157K [0x0000000701800000, 0x0000000708680000, 0x0000000780800000)
  object space 113152K, 16% used [0x0000000701800000,0x0000000702ab5468,0x0000000708680000)
 Metaspace       used 49373K, capacity 51478K, committed 51752K, reserved 1093632K
  class space    used 6731K, capacity 7150K, committed 7216K, reserved 1048576K
}
Event: 319.856 GC heap before
{Heap before GC invocations=11 (full 2):
 PSYoungGen      total 243200K, used 109300K [0x0000000780800000, 0x0000000790d80000, 0x00000007c0000000)
  eden space 230912K, 42% used [0x0000000780800000,0x00000007866bf530,0x000000078e980000)
  from space 12288K, 99% used [0x0000000790180000,0x0000000790d7dc48,0x0000000790d80000)
  to   space 16384K, 0% used [0x000000078ed80000,0x000000078ed80000,0x000000078fd80000)
 ParOldGen       total 113152K, used 19157K [0x0000000701800000, 0x0000000708680000, 0x0000000780800000)
  object space 113152K, 16% used [0x0000000701800000,0x0000000702ab5468,0x0000000708680000)
 Metaspace       used 56089K, capacity 59006K, committed 59160K, reserved 1099776K
  class space    used 7661K, capacity 8148K, committed 8240K, reserved 1048576K
Event: 319.916 GC heap after
Heap after GC invocations=11 (full 2):
 PSYoungGen      total 251392K, used 15422K [0x0000000780800000, 0x0000000794d00000, 0x00000007c0000000)
  eden space 235008K, 0% used [0x0000000780800000,0x0000000780800000,0x000000078ed80000)
  from space 16384K, 94% used [0x000000078ed80000,0x000000078fc8fa18,0x000000078fd80000)
  to   space 18432K, 0% used [0x0000000793b00000,0x0000000793b00000,0x0000000794d00000)
 ParOldGen       total 113152K, used 19173K [0x0000000701800000, 0x0000000708680000, 0x0000000780800000)
  object space 113152K, 16% used [0x0000000701800000,0x0000000702ab9478,0x0000000708680000)
 Metaspace       used 56089K, capacity 59006K, committed 59160K, reserved 1099776K
  class space    used 7661K, capacity 8148K, committed 8240K, reserved 1048576K
}
Event: 319.916 GC heap before
{Heap before GC invocations=12 (full 3):
 PSYoungGen      total 251392K, used 15422K [0x0000000780800000, 0x0000000794d00000, 0x00000007c0000000)
  eden space 235008K, 0% used [0x0000000780800000,0x0000000780800000,0x000000078ed80000)
  from space 16384K, 94% used [0x000000078ed80000,0x000000078fc8fa18,0x000000078fd80000)
  to   space 18432K, 0% used [0x0000000793b00000,0x0000000793b00000,0x0000000794d00000)
 ParOldGen       total 113152K, used 19173K [0x0000000701800000, 0x0000000708680000, 0x0000000780800000)
  object space 113152K, 16% used [0x0000000701800000,0x0000000702ab9478,0x0000000708680000)
 Metaspace       used 56089K, capacity 59006K, committed 59160K, reserved 1099776K
  class space    used 7661K, capacity 8148K, committed 8240K, reserved 1048576K
Event: 320.242 GC heap after
Heap after GC invocations=12 (full 3):
 PSYoungGen      total 251392K, used 0K [0x0000000780800000, 0x0000000794d00000, 0x00000007c0000000)
  eden space 235008K, 0% used [0x0000000780800000,0x0000000780800000,0x000000078ed80000)
  from space 16384K, 0% used [0x000000078ed80000,0x000000078ed80000,0x000000078fd80000)
  to   space 18432K, 0% used [0x0000000793b00000,0x0000000793b00000,0x0000000794d00000)
 ParOldGen       total 154624K, used 24858K [0x0000000701800000, 0x000000070af00000, 0x0000000780800000)
  object space 154624K, 16% used [0x0000000701800000,0x00000007030468e8,0x000000070af00000)
 Metaspace       used 56085K, capacity 59000K, committed 59160K, reserved 1099776K
  class space    used 7660K, capacity 8147K, committed 8240K, reserved 1048576K
}
Event: 3556.676 GC heap before
{Heap before GC invocations=13 (full 3):
 PSYoungGen      total 251392K, used 235008K [0x0000000780800000, 0x0000000794d00000, 0x00000007c0000000)
  eden space 235008K, 100% used [0x0000000780800000,0x000000078ed80000,0x000000078ed80000)
  from space 16384K, 0% used [0x000000078ed80000,0x000000078ed80000,0x000000078fd80000)
  to   space 18432K, 0% used [0x0000000793b00000,0x0000000793b00000,0x0000000794d00000)
 ParOldGen       total 154624K, used 24858K [0x0000000701800000, 0x000000070af00000, 0x0000000780800000)
  object space 154624K, 16% used [0x0000000701800000,0x00000007030468e8,0x000000070af00000)
 Metaspace       used 60472K, capacity 63774K, committed 64024K, reserved 1103872K
  class space    used 8175K, capacity 8720K, committed 8752K, reserved 1048576K
Event: 3556.771 GC heap after
Heap after GC invocations=13 (full 3):
 PSYoungGen      total 314368K, used 5461K [0x0000000780800000, 0x0000000795500000, 0x00000007c0000000)
  eden space 295936K, 0% used [0x0000000780800000,0x0000000780800000,0x0000000792900000)
  from space 18432K, 29% used [0x0000000793b00000,0x0000000794055428,0x0000000794d00000)
  to   space 18432K, 0% used [0x0000000792900000,0x0000000792900000,0x0000000793b00000)
 ParOldGen       total 154624K, used 24866K [0x0000000701800000, 0x000000070af00000, 0x0000000780800000)
  object space 154624K, 16% used [0x0000000701800000,0x00000007030488e8,0x000000070af00000)
 Metaspace       used 60472K, capacity 63774K, committed 64024K, reserved 1103872K
  class space    used 8175K, capacity 8720K, committed 8752K, reserved 1048576K
}

Deoptimization events (10 events):
Event: 320.841 Thread 0x000000001c976800 Uncommon trap: reason=bimorphic action=maybe_recompile pc=0x0000000002fdea08 method=java.util.AbstractCollection.containsAll(Ljava/util/Collection;)Z @ 25
Event: 765.718 Thread 0x000000001c979800 Uncommon trap: reason=bimorphic action=maybe_recompile pc=0x000000000312a0ec method=java.util.Hashtable.addEntry(ILjava/lang/Object;Ljava/lang/Object;I)V @ 38
Event: 765.718 Thread 0x000000001c979800 Uncommon trap: reason=bimorphic action=maybe_recompile pc=0x000000000312a0ec method=java.util.Hashtable.addEntry(ILjava/lang/Object;Ljava/lang/Object;I)V @ 38
Event: 765.718 Thread 0x000000001c979800 Uncommon trap: reason=bimorphic action=maybe_recompile pc=0x000000000312a0ec method=java.util.Hashtable.addEntry(ILjava/lang/Object;Ljava/lang/Object;I)V @ 38
Event: 765.732 Thread 0x000000001c979800 Uncommon trap: reason=unstable_if action=reinterpret pc=0x000000000270cac0 method=java.lang.CharacterData.of(I)Ljava/lang/CharacterData; @ 4
Event: 765.743 Thread 0x000000001c979800 Uncommon trap: reason=unstable_if action=reinterpret pc=0x000000000291e52c method=java.util.regex.Pattern$BmpCharProperty.match(Ljava/util/regex/Matcher;ILjava/lang/CharSequence;)Z @ 34
Event: 772.408 Thread 0x000000001c42a800 Uncommon trap: reason=bimorphic action=maybe_recompile pc=0x000000000312a0ec method=java.util.Hashtable.addEntry(ILjava/lang/Object;Ljava/lang/Object;I)V @ 38
Event: 777.420 Thread 0x000000001c429000 Uncommon trap: reason=unstable_if action=reinterpret pc=0x0000000002d94940 method=java.nio.Buffer.limit(I)Ljava/nio/Buffer; @ 33
Event: 1799.644 Thread 0x000000001c436800 Uncommon trap: reason=predicate action=maybe_recompile pc=0x0000000003408bbc method=java.util.AbstractCollection.toArray([Ljava/lang/Object;)[Ljava/lang/Object; @ 49
Event: 2342.448 Thread 0x000000001c97b000 Uncommon trap: reason=unstable_if action=reinterpret pc=0x00000000028fbfc0 method=java.util.concurrent.locks.AbstractQueuedSynchronizer.acquireQueued(Ljava/util/concurrent/locks/AbstractQueuedSynchronizer$Node;I)Z @ 17

Internal exceptions (10 events):
Event: 318.199 Thread 0x000000001bbff000 Exception <a 'java/lang/ClassNotFoundException': org/springframework/boot/autoconfigure/web/servlet/WebMvcAutoConfiguration$EnableWebMvcConfigurationCustomizer> (0x00000007847455e8) thrown at [C:\re\workspace\8-2-build-windows-amd64-cygwin\jdk8u111\7883\h
Event: 318.203 Thread 0x000000001bbff000 Exception <a 'java/lang/ClassNotFoundException': org/springframework/context/ResourceLoaderAwareCustomizer> (0x000000078476cb58) thrown at [C:\re\workspace\8-2-build-windows-amd64-cygwin\jdk8u111\7883\hotspot\src\share\vm\classfile\systemDictionary.cpp, l
Event: 318.204 Thread 0x000000001bbff000 Exception <a 'java/lang/ClassNotFoundException': org/springframework/beans/factory/AwareCustomizer> (0x0000000784781618) thrown at [C:\re\workspace\8-2-build-windows-amd64-cygwin\jdk8u111\7883\hotspot\src\share\vm\classfile\systemDictionary.cpp, line 210]
Event: 318.205 Thread 0x000000001bbff000 Exception <a 'java/lang/ClassNotFoundException': org/springframework/context/ApplicationContextAwareCustomizer> (0x00000007847985a8) thrown at [C:\re\workspace\8-2-build-windows-amd64-cygwin\jdk8u111\7883\hotspot\src\share\vm\classfile\systemDictionary.cp
Event: 318.207 Thread 0x000000001bbff000 Exception <a 'java/lang/ClassNotFoundException': org/springframework/beans/factory/AwareCustomizer> (0x00000007847ad670) thrown at [C:\re\workspace\8-2-build-windows-amd64-cygwin\jdk8u111\7883\hotspot\src\share\vm\classfile\systemDictionary.cpp, line 210]
Event: 318.208 Thread 0x000000001bbff000 Exception <a 'java/lang/ClassNotFoundException': org/springframework/web/context/ServletContextAwareCustomizer> (0x00000007847c4608) thrown at [C:\re\workspace\8-2-build-windows-amd64-cygwin\jdk8u111\7883\hotspot\src\share\vm\classfile\systemDictionary.cp
Event: 318.209 Thread 0x000000001bbff000 Exception <a 'java/lang/ClassNotFoundException': org/springframework/beans/factory/AwareCustomizer> (0x00000007847d9140) thrown at [C:\re\workspace\8-2-build-windows-amd64-cygwin\jdk8u111\7883\hotspot\src\share\vm\classfile\systemDictionary.cpp, line 210]
Event: 319.306 Thread 0x000000001bbff000 Exception <a 'java/lang/IncompatibleClassChangeError': Found class java.lang.Object, but interface was expected> (0x0000000785de7f10) thrown at [C:\re\workspace\8-2-build-windows-amd64-cygwin\jdk8u111\7883\hotspot\src\share\vm\interpreter\linkResolver.cpp
Event: 765.971 Thread 0x000000001c979800 Exception <a 'java/lang/NoSuchMethodError': java.lang.Object.lambda$mapIfAllPresent$6(Ljava/util/Optional;Ljava/util/function/BiFunction;Ljava/lang/Object;)Ljava/util/Optional;> (0x0000000783eb17c0) thrown at [C:\re\workspace\8-2-build-windows-amd64-cygwi
Event: 765.972 Thread 0x000000001c979800 Exception <a 'java/lang/NoSuchMethodError': java.lang.Object.lambda$null$5(Ljava/util/function/BiFunction;Ljava/lang/Object;Ljava/lang/Object;)Ljava/lang/Object;> (0x0000000783eb6268) thrown at [C:\re\workspace\8-2-build-windows-amd64-cygwin\jdk8u111\7883

Events (10 events):
Event: 3600.595 Executing VM operation: BulkRevokeBias
Event: 3600.596 Executing VM operation: BulkRevokeBias done
Event: 3600.596 Executing VM operation: BulkRevokeBias
Event: 3600.597 Executing VM operation: BulkRevokeBias done
Event: 3605.599 Executing VM operation: RevokeBias
Event: 3605.599 Executing VM operation: RevokeBias done
Event: 3605.599 Thread 0x000000001c433800 Thread exited: 0x000000001c433800
Event: 3605.640 Executing VM operation: RevokeBias
Event: 3605.640 Executing VM operation: RevokeBias done
Event: 3605.640 Thread 0x000000001c433000 Thread exited: 0x000000001c433000


Dynamic libraries:
0x00007ff7772b0000 - 0x00007ff7772e7000 	C:\Program Files\Java\jdk1.8.0_111\bin\java.exe
0x00007ff9bac40000 - 0x00007ff9bae30000 	C:\WINDOWS\SYSTEM32\ntdll.dll
0x00007ff9b9f50000 - 0x00007ff9ba002000 	C:\WINDOWS\System32\KERNEL32.DLL
0x00007ff9b7da0000 - 0x00007ff9b8043000 	C:\WINDOWS\System32\KERNELBASE.dll
0x00007ff9b8e00000 - 0x00007ff9b8ea3000 	C:\WINDOWS\System32\ADVAPI32.dll
0x00007ff9ba0e0000 - 0x00007ff9ba17e000 	C:\WINDOWS\System32\msvcrt.dll
0x00007ff9b95b0000 - 0x00007ff9b9647000 	C:\WINDOWS\System32\sechost.dll
0x00007ff9b9080000 - 0x00007ff9b91a0000 	C:\WINDOWS\System32\RPCRT4.dll
0x00007ff9ba1c0000 - 0x00007ff9ba354000 	C:\WINDOWS\System32\USER32.dll
0x00007ff9b84c0000 - 0x00007ff9b84e1000 	C:\WINDOWS\System32\win32u.dll
0x00007ff9ba190000 - 0x00007ff9ba1b6000 	C:\WINDOWS\System32\GDI32.dll
0x00007ff9b8050000 - 0x00007ff9b81e4000 	C:\WINDOWS\System32\gdi32full.dll
0x00007ff9b83f0000 - 0x00007ff9b848e000 	C:\WINDOWS\System32\msvcp_win.dll
0x00007ff9b7ca0000 - 0x00007ff9b7d9a000 	C:\WINDOWS\System32\ucrtbase.dll
0x00007ff9a90e0000 - 0x00007ff9a9365000 	C:\WINDOWS\WinSxS\amd64_microsoft.windows.common-controls_6595b64144ccf1df_6.0.18362.535_none_e6c3b34713100821\COMCTL32.dll
0x00007ff9b91a0000 - 0x00007ff9b94d6000 	C:\WINDOWS\System32\combase.dll
0x00007ff9b8c70000 - 0x00007ff9b8cf0000 	C:\WINDOWS\System32\bcryptPrimitives.dll
0x00007ff9b9f00000 - 0x00007ff9b9f2e000 	C:\WINDOWS\System32\IMM32.DLL
0x000000006f470000 - 0x000000006f542000 	C:\Program Files\Java\jdk1.8.0_111\jre\bin\msvcr100.dll
0x000000006ebd0000 - 0x000000006f46a000 	C:\Program Files\Java\jdk1.8.0_111\jre\bin\server\jvm.dll
0x00007ff9ba180000 - 0x00007ff9ba188000 	C:\WINDOWS\System32\PSAPI.DLL
0x00007ff9b6610000 - 0x00007ff9b6619000 	C:\WINDOWS\SYSTEM32\WSOCK32.dll
0x00007ff9aeac0000 - 0x00007ff9aeae4000 	C:\WINDOWS\SYSTEM32\WINMM.dll
0x00007ff9b9bf0000 - 0x00007ff9b9c5f000 	C:\WINDOWS\System32\WS2_32.dll
0x00007ff9af3e0000 - 0x00007ff9af3ea000 	C:\WINDOWS\SYSTEM32\VERSION.dll
0x00007ff9ae7c0000 - 0x00007ff9ae7ed000 	C:\WINDOWS\SYSTEM32\WINMMBASE.dll
0x00007ff9b7bd0000 - 0x00007ff9b7c1a000 	C:\WINDOWS\System32\cfgmgr32.dll
0x00000000702c0000 - 0x00000000702cf000 	C:\Program Files\Java\jdk1.8.0_111\jre\bin\verify.dll
0x000000006eba0000 - 0x000000006ebc9000 	C:\Program Files\Java\jdk1.8.0_111\jre\bin\java.dll
0x000000006eb60000 - 0x000000006eb83000 	C:\Program Files\Java\jdk1.8.0_111\jre\bin\instrument.dll
0x00000000702a0000 - 0x00000000702b6000 	C:\Program Files\Java\jdk1.8.0_111\jre\bin\zip.dll
0x00007ff9ba510000 - 0x00007ff9babf5000 	C:\WINDOWS\System32\SHELL32.dll
0x00007ff9b8cf0000 - 0x00007ff9b8d99000 	C:\WINDOWS\System32\shcore.dll
0x00007ff9b84f0000 - 0x00007ff9b8c6f000 	C:\WINDOWS\System32\windows.storage.dll
0x00007ff9b7b60000 - 0x00007ff9b7b7f000 	C:\WINDOWS\System32\profapi.dll
0x00007ff9b7b80000 - 0x00007ff9b7bca000 	C:\WINDOWS\System32\powrprof.dll
0x00007ff9b7b10000 - 0x00007ff9b7b20000 	C:\WINDOWS\System32\UMPDC.dll
0x00007ff9b9b80000 - 0x00007ff9b9bd2000 	C:\WINDOWS\System32\shlwapi.dll
0x00007ff9b7b20000 - 0x00007ff9b7b31000 	C:\WINDOWS\System32\kernel.appcore.dll
0x00007ff9b7c20000 - 0x00007ff9b7c37000 	C:\WINDOWS\System32\cryptsp.dll
0x00007ff9b0a90000 - 0x00007ff9b0aaa000 	C:\Program Files\JetBrains\IntelliJ IDEA Community Edition 2019.3\bin\breakgen64.dll
0x000000006ea60000 - 0x000000006ea7a000 	C:\Program Files\Java\jdk1.8.0_111\jre\bin\net.dll
0x00007ff9b72d0000 - 0x00007ff9b7337000 	C:\WINDOWS\system32\mswsock.dll
0x000000006eb90000 - 0x000000006eb9d000 	C:\Program Files\Java\jdk1.8.0_111\jre\bin\management.dll
0x00007ff9afe80000 - 0x00007ff9afe96000 	C:\WINDOWS\system32\napinsp.dll
0x00007ff9afe60000 - 0x00007ff9afe7a000 	C:\WINDOWS\system32\pnrpnsp.dll
0x00007ff9b7030000 - 0x00007ff9b70fa000 	C:\WINDOWS\SYSTEM32\DNSAPI.dll
0x00007ff9b9be0000 - 0x00007ff9b9be8000 	C:\WINDOWS\System32\NSI.dll
0x00007ff9b6ff0000 - 0x00007ff9b702a000 	C:\WINDOWS\SYSTEM32\IPHLPAPI.DLL
0x00007ff9afde0000 - 0x00007ff9afdee000 	C:\WINDOWS\System32\winrnr.dll
0x00007ff9b24b0000 - 0x00007ff9b24cc000 	C:\WINDOWS\system32\NLAapi.dll
0x00007ff9afd80000 - 0x00007ff9afd95000 	C:\WINDOWS\system32\wshbth.dll
0x00007ff9aea00000 - 0x00007ff9aea0a000 	C:\Windows\System32\rasadhlp.dll
0x00007ff9af840000 - 0x00007ff9af8b7000 	C:\WINDOWS\System32\fwpuclnt.dll
0x00007ff9b8490000 - 0x00007ff9b84b6000 	C:\WINDOWS\System32\bcrypt.dll
0x000000006ea40000 - 0x000000006ea51000 	C:\Program Files\Java\jdk1.8.0_111\jre\bin\nio.dll
0x00007ff9b6e50000 - 0x00007ff9b6e83000 	C:\WINDOWS\system32\rsaenh.dll
0x00007ff9b7a30000 - 0x00007ff9b7a55000 	C:\WINDOWS\SYSTEM32\USERENV.dll
0x00007ff9b7450000 - 0x00007ff9b745c000 	C:\WINDOWS\SYSTEM32\CRYPTBASE.dll
0x00007ff9af580000 - 0x00007ff9af596000 	C:\WINDOWS\SYSTEM32\dhcpcsvc6.DLL
0x00007ff9af340000 - 0x00007ff9af35c000 	C:\WINDOWS\SYSTEM32\dhcpcsvc.DLL
0x000000006ea10000 - 0x000000006ea34000 	C:\Program Files\Java\jdk1.8.0_111\jre\bin\sunec.dll
0x000000006ea00000 - 0x000000006ea0b000 	C:\Program Files\Java\jdk1.8.0_111\jre\bin\sunmscapi.dll
0x00007ff9b82a0000 - 0x00007ff9b83e9000 	C:\WINDOWS\System32\CRYPT32.dll
0x00007ff9b7b40000 - 0x00007ff9b7b52000 	C:\WINDOWS\System32\MSASN1.dll

VM Arguments:
jvm_args: -javaagent:C:\Program Files\JetBrains\IntelliJ IDEA Community Edition 2019.3\lib\idea_rt.jar=57895:C:\Program Files\JetBrains\IntelliJ IDEA Community Edition 2019.3\bin -Dfile.encoding=UTF-8 
java_command: com.example.forRoadside.forRoadside.ForRoadsideApplication
java_class_path (initial): C:\Program Files\Java\jdk1.8.0_111\jre\lib\charsets.jar;C:\Program Files\Java\jdk1.8.0_111\jre\lib\deploy.jar;C:\Program Files\Java\jdk1.8.0_111\jre\lib\ext\access-bridge-64.jar;C:\Program Files\Java\jdk1.8.0_111\jre\lib\ext\cldrdata.jar;C:\Program Files\Java\jdk1.8.0_111\jre\lib\ext\dnsns.jar;C:\Program Files\Java\jdk1.8.0_111\jre\lib\ext\jaccess.jar;C:\Program Files\Java\jdk1.8.0_111\jre\lib\ext\jfxrt.jar;C:\Program Files\Java\jdk1.8.0_111\jre\lib\ext\localedata.jar;C:\Program Files\Java\jdk1.8.0_111\jre\lib\ext\nashorn.jar;C:\Program Files\Java\jdk1.8.0_111\jre\lib\ext\sunec.jar;C:\Program Files\Java\jdk1.8.0_111\jre\lib\ext\sunjce_provider.jar;C:\Program Files\Java\jdk1.8.0_111\jre\lib\ext\sunmscapi.jar;C:\Program Files\Java\jdk1.8.0_111\jre\lib\ext\sunpkcs11.jar;C:\Program Files\Java\jdk1.8.0_111\jre\lib\ext\zipfs.jar;C:\Program Files\Java\jdk1.8.0_111\jre\lib\javaws.jar;C:\Program Files\Java\jdk1.8.0_111\jre\lib\jce.jar;C:\Program Files\Java\jdk1.8.0_111\jre\lib\jfr.jar;C:\Program Files\Java\jdk1.8.0_111\jre\lib\jfxswt.jar;C:\Program Files\Java\jdk1.8.0_111\jre\lib\jsse.jar;C:\Program Files\Java\jdk1.8.0_111\jre\lib\management-agent.jar;C:\Program Files\Java\jdk1.8.0_111\jre\lib\plugin.jar;C:\Program Files\Java\jdk1.8.0_111\jre\lib\resources.jar;C:\Program Files\Java\jdk1.8.0_111\jre\lib\rt.jar;F:\forRoadside\forRoadside\target\classes;C:\Users\GK\.m2\repository\org\springframework\boot\spring-boot-starter-data-jpa\2.2.2.RELEASE\spring-boot-starter-data-jpa-2.2.2.RELEASE.jar;C:\Users\GK\.m2\repository\org\springframework\boot\spring-boot-starter-aop\2.2.2.RELEASE\spring-boot-starter-aop-2.2.2.RELEASE.jar;C:\Users\GK\.m2\repository\org\springframework\spring-aop\5.2.2.RELEASE\spring-aop-5.2.2.RELEASE.jar;C:\Users\GK\.m2\repository\org\aspectj\aspectjweaver\1.9.5\aspectjweaver-1.9.5.jar;C:\Users\GK\.m2\repository\jakarta\activation\jakarta.activation-api\1.2.1\jakarta.activation-api-1.2.1.jar;C:\Users\GK\.m2\repository\jakarta\persis
Launcher Type: SUN_STANDARD

Environment Variables:
PATH=C:\ProgramData\Oracle\Java\javapath;C:\WINDOWS\system32;C:\WINDOWS;C:\WINDOWS\System32\Wbem;C:\WINDOWS\System32\WindowsPowerShell\v1.0\;C:\WINDOWS\System32\OpenSSH\;C:\Program Files (x86)\Brackets\command;C:\Program Files\MongoDB\Server\4.2\bin;C:\Program Files\dotnet\;C:\Program Files\Microsoft SQL Server\130\Tools\Binn\;C:\Program Files\Microsoft SQL Server\Client SDK\ODBC\170\Tools\Binn\;C:\Program Files\MySQL\MySQL Shell 8.0\bin\;C:\Users\GK\AppData\Local\Microsoft\WindowsApps;
USERNAME=GK
OS=Windows_NT
PROCESSOR_IDENTIFIER=Intel64 Family 6 Model 61 Stepping 4, GenuineIntel



---------------  S Y S T E M  ---------------

OS: Windows 10.0 , 64 bit Build 18362 (10.0.18362.329)

CPU:total 4 (2 cores per cpu, 2 threads per core) family 6 model 61 stepping 4, cmov, cx8, fxsr, mmx, sse, sse2, sse3, ssse3, sse4.1, sse4.2, popcnt, avx, avx2, aes, clmul, erms, 3dnowpref, lzcnt, ht, tsc, tscinvbit, bmi1, bmi2, adx

Memory: 4k page, physical 12480528k(2156452k free), swap 14528528k(0k free)

vm_info: Java HotSpot(TM) 64-Bit Server VM (25.111-b14) for windows-amd64 JRE (1.8.0_111-b14), built on Sep 22 2016 19:24:05 by "java_re" with MS VC++ 10.0 (VS2010)

time: Fri Jan 10 17:16:57 2020
elapsed time: 4419 seconds (0d 1h 13m 39s)

